Determining if the pthread_create exist failed with the following output:
Change Dir: /app/TensorRT/smoke_bushu/build/CMakeFiles/CMakeTmp

Run Build Command(s):/usr/bin/make cmTC_d5a02/fast 
/usr/bin/make -f CMakeFiles/cmTC_d5a02.dir/build.make CMakeFiles/cmTC_d5a02.dir/build
make[1]: Entering directory '/app/TensorRT/smoke_bushu/build/CMakeFiles/CMakeTmp'
Building CXX object CMakeFiles/cmTC_d5a02.dir/CheckSymbolExists.cxx.o
/usr/bin/c++    -std=gnu++14 -o CMakeFiles/cmTC_d5a02.dir/CheckSymbolExists.cxx.o -c /app/TensorRT/smoke_bushu/build/CMakeFiles/CMakeTmp/CheckSymbolExists.cxx
Linking CXX executable cmTC_d5a02
/usr/local/bin/cmake -E cmake_link_script CMakeFiles/cmTC_d5a02.dir/link.txt --verbose=1
/usr/bin/c++       CMakeFiles/cmTC_d5a02.dir/CheckSymbolExists.cxx.o  -o cmTC_d5a02 
CMakeFiles/cmTC_d5a02.dir/CheckSymbolExists.cxx.o: In function `main':
CheckSymbolExists.cxx:(.text+0x1b): undefined reference to `pthread_create'
collect2: error: ld returned 1 exit status
CMakeFiles/cmTC_d5a02.dir/build.make:86: recipe for target 'cmTC_d5a02' failed
make[1]: *** [cmTC_d5a02] Error 1
make[1]: Leaving directory '/app/TensorRT/smoke_bushu/build/CMakeFiles/CMakeTmp'
Makefile:121: recipe for target 'cmTC_d5a02/fast' failed
make: *** [cmTC_d5a02/fast] Error 2

File /app/TensorRT/smoke_bushu/build/CMakeFiles/CMakeTmp/CheckSymbolExists.cxx:
/* */
#include <pthread.h>

int main(int argc, char** argv)
{
  (void)argv;
#ifndef pthread_create
  return ((int*)(&pthread_create))[argc];
#else
  (void)argc;
  return 0;
#endif
}

Determining if the function pthread_create exists in the pthreads failed with the following output:
Change Dir: /app/TensorRT/smoke_bushu/build/CMakeFiles/CMakeTmp

Run Build Command(s):/usr/bin/make cmTC_b5aa6/fast 
/usr/bin/make -f CMakeFiles/cmTC_b5aa6.dir/build.make CMakeFiles/cmTC_b5aa6.dir/build
make[1]: Entering directory '/app/TensorRT/smoke_bushu/build/CMakeFiles/CMakeTmp'
Building CXX object CMakeFiles/cmTC_b5aa6.dir/CheckFunctionExists.cxx.o
/usr/bin/c++    -DCHECK_FUNCTION_EXISTS=pthread_create   -std=gnu++14 -o CMakeFiles/cmTC_b5aa6.dir/CheckFunctionExists.cxx.o -c /app/TensorRT/smoke_bushu/build/CMakeFiles/CheckLibraryExists/CheckFunctionExists.cxx
Linking CXX executable cmTC_b5aa6
/usr/local/bin/cmake -E cmake_link_script CMakeFiles/cmTC_b5aa6.dir/link.txt --verbose=1
/usr/bin/c++   -DCHECK_FUNCTION_EXISTS=pthread_create    CMakeFiles/cmTC_b5aa6.dir/CheckFunctionExists.cxx.o  -o cmTC_b5aa6 -lpthreads 
/usr/bin/ld: cannot find -lpthreads
collect2: error: ld returned 1 exit status
CMakeFiles/cmTC_b5aa6.dir/build.make:86: recipe for target 'cmTC_b5aa6' failed
make[1]: *** [cmTC_b5aa6] Error 1
make[1]: Leaving directory '/app/TensorRT/smoke_bushu/build/CMakeFiles/CMakeTmp'
Makefile:121: recipe for target 'cmTC_b5aa6/fast' failed
make: *** [cmTC_b5aa6/fast] Error 2


